Determining if the pthread_create exist failed with the following output:
Change Dir: /home/zhoulingyan/Documents/Programming Test/Permutation/[Leetcode] 31. Next Permutation/c++/build/CMakeFiles/CMakeTmp

Run Build Command:"/usr/bin/make" "cmTC_55ae6/fast"
/usr/bin/make -f CMakeFiles/cmTC_55ae6.dir/build.make CMakeFiles/cmTC_55ae6.dir/build
make[1]: Entering directory '/home/zhoulingyan/Documents/Programming Test/Permutation/[Leetcode] 31. Next Permutation/c++/build/CMakeFiles/CMakeTmp'
Building C object CMakeFiles/cmTC_55ae6.dir/CheckSymbolExists.c.o
/usr/bin/cc     -o CMakeFiles/cmTC_55ae6.dir/CheckSymbolExists.c.o   -c "/home/zhoulingyan/Documents/Programming Test/Permutation/[Leetcode] 31. Next Permutation/c++/build/CMakeFiles/CMakeTmp/CheckSymbolExists.c"
Linking C executable cmTC_55ae6
/usr/bin/cmake -E cmake_link_script CMakeFiles/cmTC_55ae6.dir/link.txt --verbose=1
/usr/bin/cc       CMakeFiles/cmTC_55ae6.dir/CheckSymbolExists.c.o  -o cmTC_55ae6 -rdynamic 
CMakeFiles/cmTC_55ae6.dir/CheckSymbolExists.c.o: In function `main':
CheckSymbolExists.c:(.text+0x1b): undefined reference to `pthread_create'
collect2: error: ld returned 1 exit status
CMakeFiles/cmTC_55ae6.dir/build.make:97: recipe for target 'cmTC_55ae6' failed
make[1]: *** [cmTC_55ae6] Error 1
make[1]: Leaving directory '/home/zhoulingyan/Documents/Programming Test/Permutation/[Leetcode] 31. Next Permutation/c++/build/CMakeFiles/CMakeTmp'
Makefile:126: recipe for target 'cmTC_55ae6/fast' failed
make: *** [cmTC_55ae6/fast] Error 2

File /home/zhoulingyan/Documents/Programming Test/Permutation/[Leetcode] 31. Next Permutation/c++/build/CMakeFiles/CMakeTmp/CheckSymbolExists.c:
/* */
#include <pthread.h>

int main(int argc, char** argv)
{
  (void)argv;
#ifndef pthread_create
  return ((int*)(&pthread_create))[argc];
#else
  (void)argc;
  return 0;
#endif
}

Determining if the function pthread_create exists in the pthreads failed with the following output:
Change Dir: /home/zhoulingyan/Documents/Programming Test/Permutation/[Leetcode] 31. Next Permutation/c++/build/CMakeFiles/CMakeTmp

Run Build Command:"/usr/bin/make" "cmTC_69264/fast"
/usr/bin/make -f CMakeFiles/cmTC_69264.dir/build.make CMakeFiles/cmTC_69264.dir/build
make[1]: Entering directory '/home/zhoulingyan/Documents/Programming Test/Permutation/[Leetcode] 31. Next Permutation/c++/build/CMakeFiles/CMakeTmp'
Building C object CMakeFiles/cmTC_69264.dir/CheckFunctionExists.c.o
/usr/bin/cc    -DCHECK_FUNCTION_EXISTS=pthread_create   -o CMakeFiles/cmTC_69264.dir/CheckFunctionExists.c.o   -c /usr/share/cmake-3.7/Modules/CheckFunctionExists.c
Linking C executable cmTC_69264
/usr/bin/cmake -E cmake_link_script CMakeFiles/cmTC_69264.dir/link.txt --verbose=1
/usr/bin/cc   -DCHECK_FUNCTION_EXISTS=pthread_create    CMakeFiles/cmTC_69264.dir/CheckFunctionExists.c.o  -o cmTC_69264 -rdynamic -lpthreads 
/usr/bin/ld: cannot find -lpthreads
collect2: error: ld returned 1 exit status
CMakeFiles/cmTC_69264.dir/build.make:97: recipe for target 'cmTC_69264' failed
make[1]: *** [cmTC_69264] Error 1
make[1]: Leaving directory '/home/zhoulingyan/Documents/Programming Test/Permutation/[Leetcode] 31. Next Permutation/c++/build/CMakeFiles/CMakeTmp'
Makefile:126: recipe for target 'cmTC_69264/fast' failed
make: *** [cmTC_69264/fast] Error 2


